<?xml version="1.0" encoding="UTF-8"?>
<testng-results skipped="0" failed="0" total="3" passed="3">
  <reporter-output>
  </reporter-output>
  <suite name="Default suite" duration-ms="59800" started-at="2013-07-30T06:58:57Z" finished-at="2013-07-30T06:59:57Z">
    <groups>
    </groups>
    <test name="Default test" duration-ms="59800" started-at="2013-07-30T06:58:57Z" finished-at="2013-07-30T06:59:57Z">
      <class name="AiresRest.Login">
        <test-method status="PASS" signature="testAaddingHeaders()[pri:0, instance:AiresRest.Login@6477eb97]" name="testAaddingHeaders" is-config="true" duration-ms="55729" started-at="2013-07-30T12:28:57Z" finished-at="2013-07-30T12:29:53Z">
          <reporter-output>
          </reporter-output>
        </test-method> <!-- testAaddingHeaders -->
        <test-method status="PASS" signature="testChemicals()[pri:0, instance:AiresRest.Login@6477eb97]" name="testChemicals" duration-ms="3449" started-at="2013-07-30T12:29:53Z" finished-at="2013-07-30T12:29:56Z">
          <reporter-output>
          </reporter-output>
        </test-method> <!-- testChemicals -->
        <test-method status="PASS" signature="testDeviceTypes()[pri:0, instance:AiresRest.Login@6477eb97]" name="testDeviceTypes" duration-ms="458" started-at="2013-07-30T12:29:56Z" finished-at="2013-07-30T12:29:57Z">
          <reporter-output>
          </reporter-output>
        </test-method> <!-- testDeviceTypes -->
        <test-method status="PASS" signature="testRemoveHeaders()[pri:0, instance:AiresRest.Login@6477eb97]" name="testRemoveHeaders" duration-ms="150" started-at="2013-07-30T12:29:57Z" finished-at="2013-07-30T12:29:57Z">
          <reporter-output>
          </reporter-output>
        </test-method> <!-- testRemoveHeaders -->
      </class> <!-- AiresRest.Login -->
    </test> <!-- Default test -->
  </suite> <!-- Default suite -->
</testng-results>
